##################### complex(p(HGNC:ITGA5),p(HGNC:ITGB3),p(HGNC:FN1)) increases bp(GOBP:"cell migration") ########################

Subject: complex(p(HGNC:ITGA5),p(HGNC:ITGB3),p(HGNC:FN1))
	Sublevel: 0
	Function: complexAbundance
		Short form: complex
		Long form: complexAbundance
		Return type: complex
		Description: Denotes the abundance of a molecular complex
		Signatures: [complex(E:A)complex, complex(F:a...)complex]
	Signature: complex()complex
	Valid?: false
	Valid signatures: []
	Invalid signatures: [complex(E:A)complex, complex(F:a...)complex]
	RDF: [#<RDF::Vocabulary::Term:0x164
	RDF type: http://www.openbel.org/vocabulary/ComplexAbundance
	URI: http://www.openbel.org/bel/complex_p_HGNC_ITGA5_p_HGNC_ITGB3_p_HGNC_FN1
	Hash: 4427612470747580051
	Arguments: [p(HGNC:ITGA5), p(HGNC:ITGB3), p(HGNC:FN1)]
		Term Argument:
			Sublevel: 1
			Function: proteinAbundance
				Short form: p
				Long form: proteinAbundance
				Return type: p
				Description: Denotes the abundance of a protein
				Signatures: [p(E:P)p, p(E:P,F:pmod)p, p(E:P,F:sub)p, p(E:P,F:fus)p, p(E:P,F:trunc)p]
			Signature: p()p
			Valid?: false
			Valid signatures: []
			Invalid signatures: [p(E:P)p, p(E:P,F:pmod)p, p(E:P,F:sub)p, p(E:P,F:fus)p, p(E:P,F:trunc)p]
			RDF: [#<RDF::Vocabulary::Term:0x173
			RDF type: http://www.openbel.org/vocabulary/ProteinAbundance
			URI: http://www.openbel.org/bel/p_HGNC_ITGA5
			Hash: -4332010852339038279
			Arguments: [HGNC:ITGA5]
				Parameter Argument: HGNC:ITGA5
					NS: HGNC
					Value: ITGA5
					Encoding: 
					Signature: E:
					RDF: []
					URI: http://www.openbel.org/bel/namespace/ITGA5
					Hash: -1281458052700394833
		Term Argument:
			Sublevel: 1
			Function: proteinAbundance
				Short form: p
				Long form: proteinAbundance
				Return type: p
				Description: Denotes the abundance of a protein
				Signatures: [p(E:P)p, p(E:P,F:pmod)p, p(E:P,F:sub)p, p(E:P,F:fus)p, p(E:P,F:trunc)p]
			Signature: p()p
			Valid?: false
			Valid signatures: []
			Invalid signatures: [p(E:P)p, p(E:P,F:pmod)p, p(E:P,F:sub)p, p(E:P,F:fus)p, p(E:P,F:trunc)p]
			RDF: [#<RDF::Vocabulary::Term:0x176
			RDF type: http://www.openbel.org/vocabulary/ProteinAbundance
			URI: http://www.openbel.org/bel/p_HGNC_ITGB3
			Hash: 694078238831736514
			Arguments: [HGNC:ITGB3]
				Parameter Argument: HGNC:ITGB3
					NS: HGNC
					Value: ITGB3
					Encoding: 
					Signature: E:
					RDF: []
					URI: http://www.openbel.org/bel/namespace/ITGB3
					Hash: 4290091822300150853
		Term Argument:
			Sublevel: 1
			Function: proteinAbundance
				Short form: p
				Long form: proteinAbundance
				Return type: p
				Description: Denotes the abundance of a protein
				Signatures: [p(E:P)p, p(E:P,F:pmod)p, p(E:P,F:sub)p, p(E:P,F:fus)p, p(E:P,F:trunc)p]
			Signature: p()p
			Valid?: false
			Valid signatures: []
			Invalid signatures: [p(E:P)p, p(E:P,F:pmod)p, p(E:P,F:sub)p, p(E:P,F:fus)p, p(E:P,F:trunc)p]
			RDF: [#<RDF::Vocabulary::Term:0x177
			RDF type: http://www.openbel.org/vocabulary/ProteinAbundance
			URI: http://www.openbel.org/bel/p_HGNC_FN1
			Hash: -386569939529072237
			Arguments: [HGNC:FN1]
				Parameter Argument: HGNC:FN1
					NS: HGNC
					Value: FN1
					Encoding: 
					Signature: E:
					RDF: []
					URI: http://www.openbel.org/bel/namespace/FN1
					Hash: -1989711677100303506
Relationship: increases
Object: bp(GOBP:"cell migration")
	Sublevel: 0
	Function: biologicalProcess
		Short form: bp
		Long form: biologicalProcess
		Return type: bp
		Description: Denotes a process or population of events
		Signatures: [bp(E:B)bp]
	Signature: bp()bp
	Valid?: false
	Valid signatures: []
	Invalid signatures: [bp(E:B)bp]
	RDF: [#<RDF::Vocabulary::Term:0x4cf
	RDF type: http://www.openbel.org/vocabulary/BiologicalProcess
	URI: http://www.openbel.org/bel/bp_GOBP_cell_migration
	Hash: 3520179326225438292
	Arguments: [GOBP:"cell migration"]
		Parameter Argument: GOBP:"cell migration"
			NS: GOBP
			Value: cell migration
			Encoding: 
			Signature: E:
			RDF: []
			URI: http://www.openbel.org/bel/namespace/go-biological-processes/cell migration
			Hash: -1038900788872840500
Annotations: {}
Comment: 
Subject only?: false
Simple?: true
Nested?: false
BEL: complex(p(HGNC:ITGA5),p(HGNC:ITGB3),p(HGNC:FN1)) increases bp(GOBP:"cell migration")
RDF: [#<RDF::Vocabulary::Term:0x570
URI: http://www.openbel.org/bel/complex_p_HGNC_ITGA5_p_HGNC_ITGB3_p_HGNC_FN1_Increases_bp_GOBP_cell_migration
Hash: -3952238002805523725


##################### tscript(p(HGNC:EP300)) increases tscript(p(HGNC:SMAD3)) ########################

Subject: tscript(p(HGNC:EP300))
	Sublevel: 0
	Function: transcriptionalActivity
		Short form: tscript
		Long form: transcriptionalActivity
		Return type: a
		Description: Denotes the frequency or abundance of events in which a member directly acts to control transcription of genes
		Signatures: [tscript(F:complex)a, tscript(F:p)a]
	Signature: tscript()a
	Valid?: false
	Valid signatures: []
	Invalid signatures: [tscript(F:complex)a, tscript(F:p)a]
	RDF: [#<RDF::Vocabulary::Term:0x687
	RDF type: http://www.openbel.org/vocabulary/AbundanceActivity
	URI: http://www.openbel.org/bel/tscript_p_HGNC_EP300
	Hash: 4144021716879308836
	Arguments: [p(HGNC:EP300)]
		Term Argument:
			Sublevel: 1
			Function: proteinAbundance
				Short form: p
				Long form: proteinAbundance
				Return type: p
				Description: Denotes the abundance of a protein
				Signatures: [p(E:P)p, p(E:P,F:pmod)p, p(E:P,F:sub)p, p(E:P,F:fus)p, p(E:P,F:trunc)p]
			Signature: p()p
			Valid?: false
			Valid signatures: []
			Invalid signatures: [p(E:P)p, p(E:P,F:pmod)p, p(E:P,F:sub)p, p(E:P,F:fus)p, p(E:P,F:trunc)p]
			RDF: [#<RDF::Vocabulary::Term:0x779
			RDF type: http://www.openbel.org/vocabulary/ProteinAbundance
			URI: http://www.openbel.org/bel/p_HGNC_EP300
			Hash: -4425653428878141915
			Arguments: [HGNC:EP300]
				Parameter Argument: HGNC:EP300
					NS: HGNC
					Value: EP300
					Encoding: 
					Signature: E:
					RDF: []
					URI: http://www.openbel.org/bel/namespace/EP300
					Hash: -2653146175773218961
Relationship: increases
Object: tscript(p(HGNC:SMAD3))
	Sublevel: 0
	Function: transcriptionalActivity
		Short form: tscript
		Long form: transcriptionalActivity
		Return type: a
		Description: Denotes the frequency or abundance of events in which a member directly acts to control transcription of genes
		Signatures: [tscript(F:complex)a, tscript(F:p)a]
	Signature: tscript()a
	Valid?: false
	Valid signatures: []
	Invalid signatures: [tscript(F:complex)a, tscript(F:p)a]
	RDF: [#<RDF::Vocabulary::Term:0x79c
	RDF type: http://www.openbel.org/vocabulary/AbundanceActivity
	URI: http://www.openbel.org/bel/tscript_p_HGNC_SMAD3
	Hash: -1467233113684874550
	Arguments: [p(HGNC:SMAD3)]
		Term Argument:
			Sublevel: 1
			Function: proteinAbundance
				Short form: p
				Long form: proteinAbundance
				Return type: p
				Description: Denotes the abundance of a protein
				Signatures: [p(E:P)p, p(E:P,F:pmod)p, p(E:P,F:sub)p, p(E:P,F:fus)p, p(E:P,F:trunc)p]
			Signature: p()p
			Valid?: false
			Valid signatures: []
			Invalid signatures: [p(E:P)p, p(E:P,F:pmod)p, p(E:P,F:sub)p, p(E:P,F:fus)p, p(E:P,F:trunc)p]
			RDF: [#<RDF::Vocabulary::Term:0x79b
			RDF type: http://www.openbel.org/vocabulary/ProteinAbundance
			URI: http://www.openbel.org/bel/p_HGNC_SMAD3
			Hash: 3139368417888535448
			Arguments: [HGNC:SMAD3]
				Parameter Argument: HGNC:SMAD3
					NS: HGNC
					Value: SMAD3
					Encoding: 
					Signature: E:
					RDF: []
					URI: http://www.openbel.org/bel/namespace/SMAD3
					Hash: -4045319776650130685
Annotations: {}
Comment: 
Subject only?: false
Simple?: true
Nested?: false
BEL: tscript(p(HGNC:EP300)) increases tscript(p(HGNC:SMAD3))
RDF: [#<RDF::Vocabulary::Term:0x7ba
URI: http://www.openbel.org/bel/tscript_p_HGNC_EP300_Increases_tscript_p_HGNC_SMAD3
Hash: -97183954640279730


##################### p(HGNC:NRP1) increases kin(p(HGNC:FLT1)) ########################

Subject: p(HGNC:NRP1)
	Sublevel: 0
	Function: proteinAbundance
		Short form: p
		Long form: proteinAbundance
		Return type: p
		Description: Denotes the abundance of a protein
		Signatures: [p(E:P)p, p(E:P,F:pmod)p, p(E:P,F:sub)p, p(E:P,F:fus)p, p(E:P,F:trunc)p]
	Signature: p()p
	Valid?: false
	Valid signatures: []
	Invalid signatures: [p(E:P)p, p(E:P,F:pmod)p, p(E:P,F:sub)p, p(E:P,F:fus)p, p(E:P,F:trunc)p]
	RDF: [#<RDF::Vocabulary::Term:0x6af
	RDF type: http://www.openbel.org/vocabulary/ProteinAbundance
	URI: http://www.openbel.org/bel/p_HGNC_NRP1
	Hash: 1290705702767542011
	Arguments: [HGNC:NRP1]
		Parameter Argument: HGNC:NRP1
			NS: HGNC
			Value: NRP1
			Encoding: 
			Signature: E:
			RDF: []
			URI: http://www.openbel.org/bel/namespace/NRP1
			Hash: -4157130652675472368
Relationship: increases
Object: kin(p(HGNC:FLT1))
	Sublevel: 0
	Function: kinaseActivity
		Short form: kin
		Long form: kinaseActivity
		Return type: a
		Description: Denotes the frequency or abundance of events in which a member acts as a kinase, performing enzymatic phosphorylation of a substrate
		Signatures: [kin(F:complex)a, kin(F:p)a]
	Signature: kin()a
	Valid?: false
	Valid signatures: []
	Invalid signatures: [kin(F:complex)a, kin(F:p)a]
	RDF: [#<RDF::Vocabulary::Term:0xac9
	RDF type: http://www.openbel.org/vocabulary/AbundanceActivity
	URI: http://www.openbel.org/bel/kin_p_HGNC_FLT1
	Hash: 650566590231999909
	Arguments: [p(HGNC:FLT1)]
		Term Argument:
			Sublevel: 1
			Function: proteinAbundance
				Short form: p
				Long form: proteinAbundance
				Return type: p
				Description: Denotes the abundance of a protein
				Signatures: [p(E:P)p, p(E:P,F:pmod)p, p(E:P,F:sub)p, p(E:P,F:fus)p, p(E:P,F:trunc)p]
			Signature: p()p
			Valid?: false
			Valid signatures: []
			Invalid signatures: [p(E:P)p, p(E:P,F:pmod)p, p(E:P,F:sub)p, p(E:P,F:fus)p, p(E:P,F:trunc)p]
			RDF: [#<RDF::Vocabulary::Term:0x976
			RDF type: http://www.openbel.org/vocabulary/ProteinAbundance
			URI: http://www.openbel.org/bel/p_HGNC_FLT1
			Hash: 1303257717275348837
			Arguments: [HGNC:FLT1]
				Parameter Argument: HGNC:FLT1
					NS: HGNC
					Value: FLT1
					Encoding: 
					Signature: E:
					RDF: []
					URI: http://www.openbel.org/bel/namespace/FLT1
					Hash: 4359801183921938074
Annotations: {}
Comment: 
Subject only?: false
Simple?: true
Nested?: false
BEL: p(HGNC:NRP1) increases kin(p(HGNC:FLT1))
RDF: [#<RDF::Vocabulary::Term:0xda3
URI: http://www.openbel.org/bel/p_HGNC_NRP1_Increases_kin_p_HGNC_FLT1
Hash: 3095992777110933441


##################### tscript(p(MGI:Trp63)) decreases bp(MESHPP:Apoptosis) ########################

Subject: tscript(p(MGI:Trp63))
	Sublevel: 0
	Function: transcriptionalActivity
		Short form: tscript
		Long form: transcriptionalActivity
		Return type: a
		Description: Denotes the frequency or abundance of events in which a member directly acts to control transcription of genes
		Signatures: [tscript(F:complex)a, tscript(F:p)a]
	Signature: tscript()a
	Valid?: false
	Valid signatures: []
	Invalid signatures: [tscript(F:complex)a, tscript(F:p)a]
	RDF: [#<RDF::Vocabulary::Term:0xe1e
	RDF type: http://www.openbel.org/vocabulary/AbundanceActivity
	URI: http://www.openbel.org/bel/tscript_p_MGI_Trp63
	Hash: 2705953687865062095
	Arguments: [p(MGI:Trp63)]
		Term Argument:
			Sublevel: 1
			Function: proteinAbundance
				Short form: p
				Long form: proteinAbundance
				Return type: p
				Description: Denotes the abundance of a protein
				Signatures: [p(E:P)p, p(E:P,F:pmod)p, p(E:P,F:sub)p, p(E:P,F:fus)p, p(E:P,F:trunc)p]
			Signature: p()p
			Valid?: false
			Valid signatures: []
			Invalid signatures: [p(E:P)p, p(E:P,F:pmod)p, p(E:P,F:sub)p, p(E:P,F:fus)p, p(E:P,F:trunc)p]
			RDF: [#<RDF::Vocabulary::Term:0xe1d
			RDF type: http://www.openbel.org/vocabulary/ProteinAbundance
			URI: http://www.openbel.org/bel/p_MGI_Trp63
			Hash: -1284899949439021912
			Arguments: [MGI:Trp63]
				Parameter Argument: MGI:Trp63
					NS: MGI
					Value: Trp63
					Encoding: 
					Signature: E:
					RDF: []
					URI: http://www.openbel.org/bel/namespace/Trp63
					Hash: 2617667998848747346
Relationship: decreases
Object: bp(MESHPP:Apoptosis)
	Sublevel: 0
	Function: biologicalProcess
		Short form: bp
		Long form: biologicalProcess
		Return type: bp
		Description: Denotes a process or population of events
		Signatures: [bp(E:B)bp]
	Signature: bp()bp
	Valid?: false
	Valid signatures: []
	Invalid signatures: [bp(E:B)bp]
	RDF: [#<RDF::Vocabulary::Term:0xea3
	RDF type: http://www.openbel.org/vocabulary/BiologicalProcess
	URI: http://www.openbel.org/bel/bp_MESHPP_Apoptosis
	Hash: -2861147011356603792
	Arguments: [MESHPP:Apoptosis]
		Parameter Argument: MESHPP:Apoptosis
			NS: MESHPP
			Value: Apoptosis
			Encoding: 
			Signature: E:
			RDF: []
			URI: http://www.openbel.org/bel/namespace/Apoptosis
			Hash: 4434658708117707736
Annotations: {}
Comment: 
Subject only?: false
Simple?: true
Nested?: false
BEL: tscript(p(MGI:Trp63)) decreases bp(MESHPP:Apoptosis)
RDF: [#<RDF::Vocabulary::Term:0xef3
URI: http://www.openbel.org/bel/tscript_p_MGI_Trp63_Decreases_bp_MESHPP_Apoptosis
Hash: 3840198010729589524


##################### p(PFH:"WNT Family") increases p(HGNC:CTNNB1) ########################

Subject: p(PFH:"WNT Family")
	Sublevel: 0
	Function: proteinAbundance
		Short form: p
		Long form: proteinAbundance
		Return type: p
		Description: Denotes the abundance of a protein
		Signatures: [p(E:P)p, p(E:P,F:pmod)p, p(E:P,F:sub)p, p(E:P,F:fus)p, p(E:P,F:trunc)p]
	Signature: p()p
	Valid?: false
	Valid signatures: []
	Invalid signatures: [p(E:P)p, p(E:P,F:pmod)p, p(E:P,F:sub)p, p(E:P,F:fus)p, p(E:P,F:trunc)p]
	RDF: [#<RDF::Vocabulary::Term:0xf5e
	RDF type: http://www.openbel.org/vocabulary/ProteinAbundance
	URI: http://www.openbel.org/bel/p_PFH_WNT_Family
	Hash: -3774603057708809259
	Arguments: [PFH:"WNT Family"]
		Parameter Argument: PFH:"WNT Family"
			NS: PFH
			Value: WNT Family
			Encoding: 
			Signature: E:
			RDF: []
			URI: http://www.openbel.org/bel/namespace/WNT Family
			Hash: -548859008535933109
Relationship: increases
Object: p(HGNC:CTNNB1)
	Sublevel: 0
	Function: proteinAbundance
		Short form: p
		Long form: proteinAbundance
		Return type: p
		Description: Denotes the abundance of a protein
		Signatures: [p(E:P)p, p(E:P,F:pmod)p, p(E:P,F:sub)p, p(E:P,F:fus)p, p(E:P,F:trunc)p]
	Signature: p()p
	Valid?: false
	Valid signatures: []
	Invalid signatures: [p(E:P)p, p(E:P,F:pmod)p, p(E:P,F:sub)p, p(E:P,F:fus)p, p(E:P,F:trunc)p]
	RDF: [#<RDF::Vocabulary::Term:0xfc1
	RDF type: http://www.openbel.org/vocabulary/ProteinAbundance
	URI: http://www.openbel.org/bel/p_HGNC_CTNNB1
	Hash: 2942741751255651050
	Arguments: [HGNC:CTNNB1]
		Parameter Argument: HGNC:CTNNB1
			NS: HGNC
			Value: CTNNB1
			Encoding: 
			Signature: E:
			RDF: []
			URI: http://www.openbel.org/bel/namespace/CTNNB1
			Hash: 2701383906649319179
Annotations: {}
Comment: 
Subject only?: false
Simple?: true
Nested?: false
BEL: p(PFH:"WNT Family") increases p(HGNC:CTNNB1)
RDF: [#<RDF::Vocabulary::Term:0xfc7
URI: http://www.openbel.org/bel/p_PFH_WNT_Family_Increases_p_HGNC_CTNNB1
Hash: 2390666223388677650


##################### p(HGNC:HOXD3) increases p(HGNC:ITGAV) ########################

Subject: p(HGNC:HOXD3)
	Sublevel: 0
	Function: proteinAbundance
		Short form: p
		Long form: proteinAbundance
		Return type: p
		Description: Denotes the abundance of a protein
		Signatures: [p(E:P)p, p(E:P,F:pmod)p, p(E:P,F:sub)p, p(E:P,F:fus)p, p(E:P,F:trunc)p]
	Signature: p()p
	Valid?: false
	Valid signatures: []
	Invalid signatures: [p(E:P)p, p(E:P,F:pmod)p, p(E:P,F:sub)p, p(E:P,F:fus)p, p(E:P,F:trunc)p]
	RDF: [#<RDF::Vocabulary::Term:0xfce
	RDF type: http://www.openbel.org/vocabulary/ProteinAbundance
	URI: http://www.openbel.org/bel/p_HGNC_HOXD3
	Hash: 3434615233039409859
	Arguments: [HGNC:HOXD3]
		Parameter Argument: HGNC:HOXD3
			NS: HGNC
			Value: HOXD3
			Encoding: 
			Signature: E:
			RDF: []
			URI: http://www.openbel.org/bel/namespace/HOXD3
			Hash: 981609944259801230
Relationship: increases
Object: p(HGNC:ITGAV)
	Sublevel: 0
	Function: proteinAbundance
		Short form: p
		Long form: proteinAbundance
		Return type: p
		Description: Denotes the abundance of a protein
		Signatures: [p(E:P)p, p(E:P,F:pmod)p, p(E:P,F:sub)p, p(E:P,F:fus)p, p(E:P,F:trunc)p]
	Signature: p()p
	Valid?: false
	Valid signatures: []
	Invalid signatures: [p(E:P)p, p(E:P,F:pmod)p, p(E:P,F:sub)p, p(E:P,F:fus)p, p(E:P,F:trunc)p]
	RDF: [#<RDF::Vocabulary::Term:0xfd7
	RDF type: http://www.openbel.org/vocabulary/ProteinAbundance
	URI: http://www.openbel.org/bel/p_HGNC_ITGAV
	Hash: -1998374563814335064
	Arguments: [HGNC:ITGAV]
		Parameter Argument: HGNC:ITGAV
			NS: HGNC
			Value: ITGAV
			Encoding: 
			Signature: E:
			RDF: []
			URI: http://www.openbel.org/bel/namespace/ITGAV
			Hash: -191908872211007698
Annotations: {}
Comment: 
Subject only?: false
Simple?: true
Nested?: false
BEL: p(HGNC:HOXD3) increases p(HGNC:ITGAV)
RDF: [#<RDF::Vocabulary::Term:0xfdd
URI: http://www.openbel.org/bel/p_HGNC_HOXD3_Increases_p_HGNC_ITGAV
Hash: -4304268111301790520


##################### tscript(p(HGNC:TP53)) directlyIncreases p(HGNC:MDM2) ########################

Subject: tscript(p(HGNC:TP53))
	Sublevel: 0
	Function: transcriptionalActivity
		Short form: tscript
		Long form: transcriptionalActivity
		Return type: a
		Description: Denotes the frequency or abundance of events in which a member directly acts to control transcription of genes
		Signatures: [tscript(F:complex)a, tscript(F:p)a]
	Signature: tscript()a
	Valid?: false
	Valid signatures: []
	Invalid signatures: [tscript(F:complex)a, tscript(F:p)a]
	RDF: [#<RDF::Vocabulary::Term:0xfe5
	RDF type: http://www.openbel.org/vocabulary/AbundanceActivity
	URI: http://www.openbel.org/bel/tscript_p_HGNC_TP53
	Hash: 3307878400153528383
	Arguments: [p(HGNC:TP53)]
		Term Argument:
			Sublevel: 1
			Function: proteinAbundance
				Short form: p
				Long form: proteinAbundance
				Return type: p
				Description: Denotes the abundance of a protein
				Signatures: [p(E:P)p, p(E:P,F:pmod)p, p(E:P,F:sub)p, p(E:P,F:fus)p, p(E:P,F:trunc)p]
			Signature: p()p
			Valid?: false
			Valid signatures: []
			Invalid signatures: [p(E:P)p, p(E:P,F:pmod)p, p(E:P,F:sub)p, p(E:P,F:fus)p, p(E:P,F:trunc)p]
			RDF: [#<RDF::Vocabulary::Term:0xfe8
			RDF type: http://www.openbel.org/vocabulary/ProteinAbundance
			URI: http://www.openbel.org/bel/p_HGNC_TP53
			Hash: -266485447254482203
			Arguments: [HGNC:TP53]
				Parameter Argument: HGNC:TP53
					NS: HGNC
					Value: TP53
					Encoding: 
					Signature: E:
					RDF: []
					URI: http://www.openbel.org/bel/namespace/TP53
					Hash: -2231694931676435440
Relationship: directlyIncreases
Object: p(HGNC:MDM2)
	Sublevel: 0
	Function: proteinAbundance
		Short form: p
		Long form: proteinAbundance
		Return type: p
		Description: Denotes the abundance of a protein
		Signatures: [p(E:P)p, p(E:P,F:pmod)p, p(E:P,F:sub)p, p(E:P,F:fus)p, p(E:P,F:trunc)p]
	Signature: p()p
	Valid?: false
	Valid signatures: []
	Invalid signatures: [p(E:P)p, p(E:P,F:pmod)p, p(E:P,F:sub)p, p(E:P,F:fus)p, p(E:P,F:trunc)p]
	RDF: [#<RDF::Vocabulary::Term:0xff5
	RDF type: http://www.openbel.org/vocabulary/ProteinAbundance
	URI: http://www.openbel.org/bel/p_HGNC_MDM2
	Hash: 295554563659675423
	Arguments: [HGNC:MDM2]
		Parameter Argument: HGNC:MDM2
			NS: HGNC
			Value: MDM2
			Encoding: 
			Signature: E:
			RDF: []
			URI: http://www.openbel.org/bel/namespace/MDM2
			Hash: 1401453199516452349
Annotations: {}
Comment: 
Subject only?: false
Simple?: true
Nested?: false
BEL: tscript(p(HGNC:TP53)) directlyIncreases p(HGNC:MDM2)
RDF: [#<RDF::Vocabulary::Term:0xffb
URI: http://www.openbel.org/bel/tscript_p_HGNC_TP53_DirectlyIncreases_p_HGNC_MDM2
Hash: -1448256821037864208


##################### p(PFH:"Hedgehog Family") isA p(HGNC:SHH) ########################

Subject: p(PFH:"Hedgehog Family")
	Sublevel: 0
	Function: proteinAbundance
		Short form: p
		Long form: proteinAbundance
		Return type: p
		Description: Denotes the abundance of a protein
		Signatures: [p(E:P)p, p(E:P,F:pmod)p, p(E:P,F:sub)p, p(E:P,F:fus)p, p(E:P,F:trunc)p]
	Signature: p()p
	Valid?: false
	Valid signatures: []
	Invalid signatures: [p(E:P)p, p(E:P,F:pmod)p, p(E:P,F:sub)p, p(E:P,F:fus)p, p(E:P,F:trunc)p]
	RDF: [#<RDF::Vocabulary::Term:0x100
	RDF type: http://www.openbel.org/vocabulary/ProteinAbundance
	URI: http://www.openbel.org/bel/p_PFH_Hedgehog_Family
	Hash: 1976325321402633871
	Arguments: [PFH:"Hedgehog Family"]
		Parameter Argument: PFH:"Hedgehog Family"
			NS: PFH
			Value: Hedgehog Family
			Encoding: 
			Signature: E:
			RDF: []
			URI: http://www.openbel.org/bel/namespace/Hedgehog Family
			Hash: 183791010484541135
Relationship: isA
Object: p(HGNC:SHH)
	Sublevel: 0
	Function: proteinAbundance
		Short form: p
		Long form: proteinAbundance
		Return type: p
		Description: Denotes the abundance of a protein
		Signatures: [p(E:P)p, p(E:P,F:pmod)p, p(E:P,F:sub)p, p(E:P,F:fus)p, p(E:P,F:trunc)p]
	Signature: p()p
	Valid?: false
	Valid signatures: []
	Invalid signatures: [p(E:P)p, p(E:P,F:pmod)p, p(E:P,F:sub)p, p(E:P,F:fus)p, p(E:P,F:trunc)p]
	RDF: [#<RDF::Vocabulary::Term:0x101
	RDF type: http://www.openbel.org/vocabulary/ProteinAbundance
	URI: http://www.openbel.org/bel/p_HGNC_SHH
	Hash: -2757365873800783658
	Arguments: [HGNC:SHH]
		Parameter Argument: HGNC:SHH
			NS: HGNC
			Value: SHH
			Encoding: 
			Signature: E:
			RDF: []
			URI: http://www.openbel.org/bel/namespace/SHH
			Hash: -528095277773155993
Annotations: {}
Comment: 
Subject only?: false
Simple?: true
Nested?: false
BEL: p(PFH:"Hedgehog Family") isA p(HGNC:SHH)
RDF: [#<RDF::Vocabulary::Term:0x101
URI: http://www.openbel.org/bel/p_PFH_Hedgehog_Family_IsA_p_HGNC_SHH
Hash: 829740739951617052


##################### kin(complex(NCH:"IkappaB Kinase Complex")) directlyDecreases p(HGNC:NFKBIA) ########################

Subject: kin(complex(NCH:"IkappaB Kinase Complex"))
	Sublevel: 0
	Function: kinaseActivity
		Short form: kin
		Long form: kinaseActivity
		Return type: a
		Description: Denotes the frequency or abundance of events in which a member acts as a kinase, performing enzymatic phosphorylation of a substrate
		Signatures: [kin(F:complex)a, kin(F:p)a]
	Signature: kin()a
	Valid?: false
	Valid signatures: []
	Invalid signatures: [kin(F:complex)a, kin(F:p)a]
	RDF: [#<RDF::Vocabulary::Term:0x101
	RDF type: http://www.openbel.org/vocabulary/AbundanceActivity
	URI: http://www.openbel.org/bel/kin_complex_NCH_IkappaB_Kinase_Complex
	Hash: -1380724705982357937
	Arguments: [complex(NCH:"IkappaB Kinase Complex")]
		Term Argument:
			Sublevel: 1
			Function: complexAbundance
				Short form: complex
				Long form: complexAbundance
				Return type: complex
				Description: Denotes the abundance of a molecular complex
				Signatures: [complex(E:A)complex, complex(F:a...)complex]
			Signature: complex()complex
			Valid?: false
			Valid signatures: []
			Invalid signatures: [complex(E:A)complex, complex(F:a...)complex]
			RDF: [#<RDF::Vocabulary::Term:0x101
			RDF type: http://www.openbel.org/vocabulary/ComplexAbundance
			URI: http://www.openbel.org/bel/complex_NCH_IkappaB_Kinase_Complex
			Hash: -1821687982694671505
			Arguments: [NCH:"IkappaB Kinase Complex"]
				Parameter Argument: NCH:"IkappaB Kinase Complex"
					NS: NCH
					Value: IkappaB Kinase Complex
					Encoding: 
					Signature: E:
					RDF: []
					URI: http://www.openbel.org/bel/namespace/IkappaB Kinase Complex
					Hash: 1460266089168208904
Relationship: directlyDecreases
Object: p(HGNC:NFKBIA)
	Sublevel: 0
	Function: proteinAbundance
		Short form: p
		Long form: proteinAbundance
		Return type: p
		Description: Denotes the abundance of a protein
		Signatures: [p(E:P)p, p(E:P,F:pmod)p, p(E:P,F:sub)p, p(E:P,F:fus)p, p(E:P,F:trunc)p]
	Signature: p()p
	Valid?: false
	Valid signatures: []
	Invalid signatures: [p(E:P)p, p(E:P,F:pmod)p, p(E:P,F:sub)p, p(E:P,F:fus)p, p(E:P,F:trunc)p]
	RDF: [#<RDF::Vocabulary::Term:0x4b2
	RDF type: http://www.openbel.org/vocabulary/ProteinAbundance
	URI: http://www.openbel.org/bel/p_HGNC_NFKBIA
	Hash: 3013925443226033985
	Arguments: [HGNC:NFKBIA]
		Parameter Argument: HGNC:NFKBIA
			NS: HGNC
			Value: NFKBIA
			Encoding: 
			Signature: E:
			RDF: []
			URI: http://www.openbel.org/bel/namespace/NFKBIA
			Hash: -451175816824897745
Annotations: {}
Comment: 
Subject only?: false
Simple?: true
Nested?: false
BEL: kin(complex(NCH:"IkappaB Kinase Complex")) directlyDecreases p(HGNC:NFKBIA)
RDF: [#<RDF::Vocabulary::Term:0x56f
URI: http://www.openbel.org/bel/kin_complex_NCH_IkappaB_Kinase_Complex_DirectlyDecreases_p_HGNC_NFKBIA
Hash: 2130894600217837984


##################### tscript(complex(NCH:"Nfkb Complex")) increases p(HGNC:CXCL1) ########################

Subject: tscript(complex(NCH:"Nfkb Complex"))
	Sublevel: 0
	Function: transcriptionalActivity
		Short form: tscript
		Long form: transcriptionalActivity
		Return type: a
		Description: Denotes the frequency or abundance of events in which a member directly acts to control transcription of genes
		Signatures: [tscript(F:complex)a, tscript(F:p)a]
	Signature: tscript()a
	Valid?: false
	Valid signatures: []
	Invalid signatures: [tscript(F:complex)a, tscript(F:p)a]
	RDF: [#<RDF::Vocabulary::Term:0x5d4
	RDF type: http://www.openbel.org/vocabulary/AbundanceActivity
	URI: http://www.openbel.org/bel/tscript_complex_NCH_Nfkb_Complex
	Hash: 2045171997918859865
	Arguments: [complex(NCH:"Nfkb Complex")]
		Term Argument:
			Sublevel: 1
			Function: complexAbundance
				Short form: complex
				Long form: complexAbundance
				Return type: complex
				Description: Denotes the abundance of a molecular complex
				Signatures: [complex(E:A)complex, complex(F:a...)complex]
			Signature: complex()complex
			Valid?: false
			Valid signatures: []
			Invalid signatures: [complex(E:A)complex, complex(F:a...)complex]
			RDF: [#<RDF::Vocabulary::Term:0x5d8
			RDF type: http://www.openbel.org/vocabulary/ComplexAbundance
			URI: http://www.openbel.org/bel/complex_NCH_Nfkb_Complex
			Hash: -3676133162661843465
			Arguments: [NCH:"Nfkb Complex"]
				Parameter Argument: NCH:"Nfkb Complex"
					NS: NCH
					Value: Nfkb Complex
					Encoding: 
					Signature: E:
					RDF: []
					URI: http://www.openbel.org/bel/namespace/Nfkb Complex
					Hash: -4236644737124498455
Relationship: increases
Object: p(HGNC:CXCL1)
	Sublevel: 0
	Function: proteinAbundance
		Short form: p
		Long form: proteinAbundance
		Return type: p
		Description: Denotes the abundance of a protein
		Signatures: [p(E:P)p, p(E:P,F:pmod)p, p(E:P,F:sub)p, p(E:P,F:fus)p, p(E:P,F:trunc)p]
	Signature: p()p
	Valid?: false
	Valid signatures: []
	Invalid signatures: [p(E:P)p, p(E:P,F:pmod)p, p(E:P,F:sub)p, p(E:P,F:fus)p, p(E:P,F:trunc)p]
	RDF: [#<RDF::Vocabulary::Term:0x731
	RDF type: http://www.openbel.org/vocabulary/ProteinAbundance
	URI: http://www.openbel.org/bel/p_HGNC_CXCL1
	Hash: -2778997203038144539
	Arguments: [HGNC:CXCL1]
		Parameter Argument: HGNC:CXCL1
			NS: HGNC
			Value: CXCL1
			Encoding: 
			Signature: E:
			RDF: []
			URI: http://www.openbel.org/bel/namespace/CXCL1
			Hash: -4367808365539205403
Annotations: {}
Comment: 
Subject only?: false
Simple?: true
Nested?: false
BEL: tscript(complex(NCH:"Nfkb Complex")) increases p(HGNC:CXCL1)
RDF: [#<RDF::Vocabulary::Term:0x78b
URI: http://www.openbel.org/bel/tscript_complex_NCH_Nfkb_Complex_Increases_p_HGNC_CXCL1
Hash: 1541489539882095552


##################### p(HGNC:MAPK1,pmod(P,Y,187)) directlyIncreases kin(p(HGNC:MAPK1)) ########################

Subject: p(HGNC:MAPK1,pmod(P,Y,187))
	Sublevel: 0
	Function: proteinAbundance
		Short form: p
		Long form: proteinAbundance
		Return type: p
		Description: Denotes the abundance of a protein
		Signatures: [p(E:P)p, p(E:P,F:pmod)p, p(E:P,F:sub)p, p(E:P,F:fus)p, p(E:P,F:trunc)p]
	Signature: p()p
	Valid?: false
	Valid signatures: []
	Invalid signatures: [p(E:P)p, p(E:P,F:pmod)p, p(E:P,F:sub)p, p(E:P,F:fus)p, p(E:P,F:trunc)p]
	RDF: [#<RDF::Vocabulary::Term:0x7a3
	RDF type: http://www.openbel.org/vocabulary/ModifiedProteinAbundance
	URI: http://www.openbel.org/bel/p_HGNC_MAPK1_pmod_P_Y_187
	Hash: 3630401121063310922
	Arguments: [HGNC:MAPK1, pmod(P,Y,187)]
		Parameter Argument: HGNC:MAPK1
			NS: HGNC
			Value: MAPK1
			Encoding: 
			Signature: E:
			RDF: []
			URI: http://www.openbel.org/bel/namespace/MAPK1
			Hash: -1753992089497342755
		Term Argument:
			Sublevel: 1
			Function: proteinModification
				Short form: pmod
				Long form: proteinModification
				Return type: pmod
				Description: Denotes a covalently modified protein abundance
				Signatures: [pmod(E:*)pmod, pmod(E:*,E:*)pmod, pmod(E:*,E:*,E:*)pmod]
			Signature: pmod()pmod
			Valid?: false
			Valid signatures: []
			Invalid signatures: [pmod(E:*)pmod, pmod(E:*,E:*)pmod, pmod(E:*,E:*,E:*)pmod]
			RDF: [#<RDF::Vocabulary::Term:0x7d2
			RDF type: http://www.openbel.org/vocabulary/Abundance
			URI: http://www.openbel.org/bel/pmod_P_Y_187
			Hash: -2968793495180872606
			Arguments: [P, Y, 187]
				Parameter Argument: P
					NS: 
					Value: P
					Encoding: 
					Signature: E:
					Hash: 154246918207313578
				Parameter Argument: Y
					NS: 
					Value: Y
					Encoding: 
					Signature: E:
					Hash: -3251950720402617725
				Parameter Argument: 187
					NS: 
					Value: 187
					Encoding: 
					Signature: E:
					Hash: 115648564005956268
Relationship: directlyIncreases
Object: kin(p(HGNC:MAPK1))
	Sublevel: 0
	Function: kinaseActivity
		Short form: kin
		Long form: kinaseActivity
		Return type: a
		Description: Denotes the frequency or abundance of events in which a member acts as a kinase, performing enzymatic phosphorylation of a substrate
		Signatures: [kin(F:complex)a, kin(F:p)a]
	Signature: kin()a
	Valid?: false
	Valid signatures: []
	Invalid signatures: [kin(F:complex)a, kin(F:p)a]
	RDF: [#<RDF::Vocabulary::Term:0x6ae
	RDF type: http://www.openbel.org/vocabulary/AbundanceActivity
	URI: http://www.openbel.org/bel/kin_p_HGNC_MAPK1
	Hash: -97515830033485936
	Arguments: [p(HGNC:MAPK1)]
		Term Argument:
			Sublevel: 1
			Function: proteinAbundance
				Short form: p
				Long form: proteinAbundance
				Return type: p
				Description: Denotes the abundance of a protein
				Signatures: [p(E:P)p, p(E:P,F:pmod)p, p(E:P,F:sub)p, p(E:P,F:fus)p, p(E:P,F:trunc)p]
			Signature: p()p
			Valid?: false
			Valid signatures: []
			Invalid signatures: [p(E:P)p, p(E:P,F:pmod)p, p(E:P,F:sub)p, p(E:P,F:fus)p, p(E:P,F:trunc)p]
			RDF: [#<RDF::Vocabulary::Term:0x7a8
			RDF type: http://www.openbel.org/vocabulary/ProteinAbundance
			URI: http://www.openbel.org/bel/p_HGNC_MAPK1
			Hash: 3637232515331474237
			Arguments: [HGNC:MAPK1]
				Parameter Argument: HGNC:MAPK1
					NS: HGNC
					Value: MAPK1
					Encoding: 
					Signature: E:
					RDF: []
					URI: http://www.openbel.org/bel/namespace/MAPK1
					Hash: -1753992089497342755
Annotations: {}
Comment: 
Subject only?: false
Simple?: true
Nested?: false
BEL: p(HGNC:MAPK1,pmod(P,Y,187)) directlyIncreases kin(p(HGNC:MAPK1))
RDF: [#<RDF::Vocabulary::Term:0xced
URI: http://www.openbel.org/bel/p_HGNC_MAPK1_pmod_P_Y_187_DirectlyIncreases_kin_p_HGNC_MAPK1
Hash: -4205599181882423012


